{
 "displayTimeUnit": "ms",
 "traceEvents": [
  {
   "ts": 0,
   "pid": "TRUCK:Truck 1",
   "tid": "TRUCK:Truck 1",
   "cat": "ddd",
   "args": {
    "cargo": [],
    "transport": "TRUCK:Truck 1"
   },
   "ph": "E"
  },
  {
   "ts": 0,
   "pid": "TRUCK:Truck 2",
   "tid": "TRUCK:Truck 2",
   "cat": "ddd",
   "args": {
    "cargo": [],
    "transport": "TRUCK:Truck 2"
   },
   "ph": "E"
  },
  {
   "ts": 0,
   "pid": "VESSEL:Vessel 1",
   "tid": "VESSEL:Vessel 1",
   "cat": "ddd",
   "args": {
    "cargo": [],
    "transport": "VESSEL:Vessel 1"
   },
   "ph": "E"
  },
  {
   "ts": 0,
   "pid": "TRUCK:Truck 1",
   "tid": "TRUCK:Truck 1",
   "cat": "ddd",
   "args": {
    "cargo": [
     "CARGO:Factory_A_00001"
    ],
    "transport": "TRUCK:Truck 1"
   },
   "ph": "B",
   "name": "Factory-Port"
  },
  {
   "ts": 1,
   "pid": "TRUCK:Truck 1",
   "tid": "TRUCK:Truck 1",
   "cat": "ddd",
   "args": {
    "cargo": [
     "CARGO:Factory_A_00001"
    ],
    "transport": "TRUCK:Truck 1"
   },
   "ph": "E"
  },
  {
   "ts": 1,
   "pid": "TRUCK:Truck 1",
   "tid": "TRUCK:Truck 1",
   "cat": "ddd",
   "args": {
    "cargo": [],
    "transport": "TRUCK:Truck 1"
   },
   "ph": "B",
   "name": "Port-Factory"
  },
  {
   "ts": 1,
   "pid": "VESSEL:Vessel 1",
   "tid": "VESSEL:Vessel 1",
   "cat": "ddd",
   "args": {
    "cargo": [
     "CARGO:Factory_A_00001"
    ],
    "transport": "VESSEL:Vessel 1"
   },
   "ph": "B",
   "name": "Port-A"
  },
  {
   "ts": 2,
   "pid": "TRUCK:Truck 1",
   "tid": "TRUCK:Truck 1",
   "cat": "ddd",
   "args": {
    "cargo": [],
    "transport": "TRUCK:Truck 1"
   },
   "ph": "E"
  },
  {
   "ts": 5,
   "pid": "VESSEL:Vessel 1",
   "tid": "VESSEL:Vessel 1",
   "cat": "ddd",
   "args": {
    "cargo": [
     "CARGO:Factory_A_00001"
    ],
    "transport": "VESSEL:Vessel 1"
   },
   "ph": "E"
  }
 ]
}
