{
 "displayTimeUnit": "ms",
 "traceEvents": [
  {
   "ts": 0,
   "pid": "VESSEL:Vessel 1",
   "tid": "VESSEL:Vessel 1",
   "cat": "ddd",
   "args": {
    "cargo": [],
    "transport": "VESSEL:Vessel 1"
   },
   "ph": "E"
  },
  {
   "ts": 0,
   "pid": "TRUCK:Truck 2",
   "tid": "TRUCK:Truck 2",
   "cat": "ddd",
   "args": {
    "cargo": [],
    "transport": "TRUCK:Truck 2"
   },
   "ph": "E"
  },
  {
   "ts": 0,
   "pid": "TRUCK:Truck 1",
   "tid": "TRUCK:Truck 1",
   "cat": "ddd",
   "args": {
    "cargo": [],
    "transport": "TRUCK:Truck 1"
   },
   "ph": "E"
  },
  {
   "ts": 0,
   "pid": "TRUCK:Truck 2",
   "tid": "TRUCK:Truck 2",
   "cat": "ddd",
   "args": {
    "cargo": [
     "CARGO:Factory_A_00001"
    ],
    "transport": "TRUCK:Truck 2"
   },
   "ph": "B",
   "name": "Factory-Port"
  },
  {
   "ts": 0,
   "pid": "TRUCK:Truck 1",
   "tid": "TRUCK:Truck 1",
   "cat": "ddd",
   "args": {
    "cargo": [
     "CARGO:Factory_A_00002"
    ],
    "transport": "TRUCK:Truck 1"
   },
   "ph": "B",
   "name": "Factory-Port"
  },
  {
   "ts": 1,
   "pid": "TRUCK:Truck 2",
   "tid": "TRUCK:Truck 2",
   "cat": "ddd",
   "args": {
    "cargo": [
     "CARGO:Factory_A_00001"
    ],
    "transport": "TRUCK:Truck 2"
   },
   "ph": "E"
  },
  {
   "ts": 1,
   "pid": "TRUCK:Truck 1",
   "tid": "TRUCK:Truck 1",
   "cat": "ddd",
   "args": {
    "cargo": [
     "CARGO:Factory_A_00002"
    ],
    "transport": "TRUCK:Truck 1"
   },
   "ph": "E"
  },
  {
   "ts": 1,
   "pid": "TRUCK:Truck 1",
   "tid": "TRUCK:Truck 1",
   "cat": "ddd",
   "args": {
    "cargo": [],
    "transport": "TRUCK:Truck 1"
   },
   "ph": "B",
   "name": "Port-Factory"
  },
  {
   "ts": 1,
   "pid": "VESSEL:Vessel 1",
   "tid": "VESSEL:Vessel 1",
   "cat": "ddd",
   "args": {
    "cargo": [
     "CARGO:Factory_A_00001"
    ],
    "transport": "VESSEL:Vessel 1"
   },
   "ph": "B",
   "name": "Port-A"
  },
  {
   "ts": 1,
   "pid": "TRUCK:Truck 2",
   "tid": "TRUCK:Truck 2",
   "cat": "ddd",
   "args": {
    "cargo": [],
    "transport": "TRUCK:Truck 2"
   },
   "ph": "B",
   "name": "Port-Factory"
  },
  {
   "ts": 2,
   "pid": "TRUCK:Truck 1",
   "tid": "TRUCK:Truck 1",
   "cat": "ddd",
   "args": {
    "cargo": [],
    "transport": "TRUCK:Truck 1"
   },
   "ph": "E"
  },
  {
   "ts": 2,
   "pid": "TRUCK:Truck 2",
   "tid": "TRUCK:Truck 2",
   "cat": "ddd",
   "args": {
    "cargo": [],
    "transport": "TRUCK:Truck 2"
   },
   "ph": "E"
  },
  {
   "ts": 2,
   "pid": "TRUCK:Truck 1",
   "tid": "TRUCK:Truck 1",
   "cat": "ddd",
   "args": {
    "cargo": [
     "CARGO:Factory_B_00003"
    ],
    "transport": "TRUCK:Truck 1"
   },
   "ph": "B",
   "name": "Factory-B"
  },
  {
   "ts": 2,
   "pid": "TRUCK:Truck 2",
   "tid": "TRUCK:Truck 2",
   "cat": "ddd",
   "args": {
    "cargo": [
     "CARGO:Factory_A_00004"
    ],
    "transport": "TRUCK:Truck 2"
   },
   "ph": "B",
   "name": "Factory-Port"
  },
  {
   "ts": 3,
   "pid": "TRUCK:Truck 2",
   "tid": "TRUCK:Truck 2",
   "cat": "ddd",
   "args": {
    "cargo": [
     "CARGO:Factory_A_00004"
    ],
    "transport": "TRUCK:Truck 2"
   },
   "ph": "E"
  },
  {
   "ts": 3,
   "pid": "TRUCK:Truck 2",
   "tid": "TRUCK:Truck 2",
   "cat": "ddd",
   "args": {
    "cargo": [],
    "transport": "TRUCK:Truck 2"
   },
   "ph": "B",
   "name": "Port-Factory"
  },
  {
   "ts": 4,
   "pid": "TRUCK:Truck 2",
   "tid": "TRUCK:Truck 2",
   "cat": "ddd",
   "args": {
    "cargo": [],
    "transport": "TRUCK:Truck 2"
   },
   "ph": "E"
  },
  {
   "ts": 4,
   "pid": "TRUCK:Truck 2",
   "tid": "TRUCK:Truck 2",
   "cat": "ddd",
   "args": {
    "cargo": [
     "CARGO:Factory_B_00005"
    ],
    "transport": "TRUCK:Truck 2"
   },
   "ph": "B",
   "name": "Factory-B"
  },
  {
   "ts": 5,
   "pid": "VESSEL:Vessel 1",
   "tid": "VESSEL:Vessel 1",
   "cat": "ddd",
   "args": {
    "cargo": [
     "CARGO:Factory_A_00001"
    ],
    "transport": "VESSEL:Vessel 1"
   },
   "ph": "E"
  },
  {
   "ts": 5,
   "pid": "VESSEL:Vessel 1",
   "tid": "VESSEL:Vessel 1",
   "cat": "ddd",
   "args": {
    "cargo": [],
    "transport": "VESSEL:Vessel 1"
   },
   "ph": "B",
   "name": "A-Port"
  },
  {
   "ts": 7,
   "pid": "TRUCK:Truck 1",
   "tid": "TRUCK:Truck 1",
   "cat": "ddd",
   "args": {
    "cargo": [
     "CARGO:Factory_B_00003"
    ],
    "transport": "TRUCK:Truck 1"
   },
   "ph": "E"
  },
  {
   "ts": 7,
   "pid": "TRUCK:Truck 1",
   "tid": "TRUCK:Truck 1",
   "cat": "ddd",
   "args": {
    "cargo": [],
    "transport": "TRUCK:Truck 1"
   },
   "ph": "B",
   "name": "B-Factory"
  },
  {
   "ts": 9,
   "pid": "VESSEL:Vessel 1",
   "tid": "VESSEL:Vessel 1",
   "cat": "ddd",
   "args": {
    "cargo": [],
    "transport": "VESSEL:Vessel 1"
   },
   "ph": "E"
  },
  {
   "ts": 9,
   "pid": "TRUCK:Truck 2",
   "tid": "TRUCK:Truck 2",
   "cat": "ddd",
   "args": {
    "cargo": [
     "CARGO:Factory_B_00005"
    ],
    "transport": "TRUCK:Truck 2"
   },
   "ph": "E"
  },
  {
   "ts": 9,
   "pid": "VESSEL:Vessel 1",
   "tid": "VESSEL:Vessel 1",
   "cat": "ddd",
   "args": {
    "cargo": [
     "CARGO:Factory_A_00002"
    ],
    "transport": "VESSEL:Vessel 1"
   },
   "ph": "B",
   "name": "Port-A"
  },
  {
   "ts": 9,
   "pid": "TRUCK:Truck 2",
   "tid": "TRUCK:Truck 2",
   "cat": "ddd",
   "args": {
    "cargo": [],
    "transport": "TRUCK:Truck 2"
   },
   "ph": "B",
   "name": "B-Factory"
  },
  {
   "ts": 12,
   "pid": "TRUCK:Truck 1",
   "tid": "TRUCK:Truck 1",
   "cat": "ddd",
   "args": {
    "cargo": [],
    "transport": "TRUCK:Truck 1"
   },
   "ph": "E"
  },
  {
   "ts": 12,
   "pid": "TRUCK:Truck 1",
   "tid": "TRUCK:Truck 1",
   "cat": "ddd",
   "args": {
    "cargo": [
     "CARGO:Factory_B_00006"
    ],
    "transport": "TRUCK:Truck 1"
   },
   "ph": "B",
   "name": "Factory-B"
  },
  {
   "ts": 13,
   "pid": "VESSEL:Vessel 1",
   "tid": "VESSEL:Vessel 1",
   "cat": "ddd",
   "args": {
    "cargo": [
     "CARGO:Factory_A_00002"
    ],
    "transport": "VESSEL:Vessel 1"
   },
   "ph": "E"
  },
  {
   "ts": 13,
   "pid": "VESSEL:Vessel 1",
   "tid": "VESSEL:Vessel 1",
   "cat": "ddd",
   "args": {
    "cargo": [],
    "transport": "VESSEL:Vessel 1"
   },
   "ph": "B",
   "name": "A-Port"
  },
  {
   "ts": 14,
   "pid": "TRUCK:Truck 2",
   "tid": "TRUCK:Truck 2",
   "cat": "ddd",
   "args": {
    "cargo": [],
    "transport": "TRUCK:Truck 2"
   },
   "ph": "E"
  },
  {
   "ts": 14,
   "pid": "TRUCK:Truck 2",
   "tid": "TRUCK:Truck 2",
   "cat": "ddd",
   "args": {
    "cargo": [
     "CARGO:Factory_A_00007"
    ],
    "transport": "TRUCK:Truck 2"
   },
   "ph": "B",
   "name": "Factory-Port"
  },
  {
   "ts": 15,
   "pid": "TRUCK:Truck 2",
   "tid": "TRUCK:Truck 2",
   "cat": "ddd",
   "args": {
    "cargo": [
     "CARGO:Factory_A_00007"
    ],
    "transport": "TRUCK:Truck 2"
   },
   "ph": "E"
  },
  {
   "ts": 15,
   "pid": "TRUCK:Truck 2",
   "tid": "TRUCK:Truck 2",
   "cat": "ddd",
   "args": {
    "cargo": [],
    "transport": "TRUCK:Truck 2"
   },
   "ph": "B",
   "name": "Port-Factory"
  },
  {
   "ts": 16,
   "pid": "TRUCK:Truck 2",
   "tid": "TRUCK:Truck 2",
   "cat": "ddd",
   "args": {
    "cargo": [],
    "transport": "TRUCK:Truck 2"
   },
   "ph": "E"
  },
  {
   "ts": 16,
   "pid": "TRUCK:Truck 2",
   "tid": "TRUCK:Truck 2",
   "cat": "ddd",
   "args": {
    "cargo": [
     "CARGO:Factory_B_00008"
    ],
    "transport": "TRUCK:Truck 2"
   },
   "ph": "B",
   "name": "Factory-B"
  },
  {
   "ts": 17,
   "pid": "VESSEL:Vessel 1",
   "tid": "VESSEL:Vessel 1",
   "cat": "ddd",
   "args": {
    "cargo": [],
    "transport": "VESSEL:Vessel 1"
   },
   "ph": "E"
  },
  {
   "ts": 17,
   "pid": "TRUCK:Truck 1",
   "tid": "TRUCK:Truck 1",
   "cat": "ddd",
   "args": {
    "cargo": [
     "CARGO:Factory_B_00006"
    ],
    "transport": "TRUCK:Truck 1"
   },
   "ph": "E"
  },
  {
   "ts": 17,
   "pid": "VESSEL:Vessel 1",
   "tid": "VESSEL:Vessel 1",
   "cat": "ddd",
   "args": {
    "cargo": [
     "CARGO:Factory_A_00004"
    ],
    "transport": "VESSEL:Vessel 1"
   },
   "ph": "B",
   "name": "Port-A"
  },
  {
   "ts": 17,
   "pid": "TRUCK:Truck 1",
   "tid": "TRUCK:Truck 1",
   "cat": "ddd",
   "args": {
    "cargo": [],
    "transport": "TRUCK:Truck 1"
   },
   "ph": "B",
   "name": "B-Factory"
  },
  {
   "ts": 21,
   "pid": "VESSEL:Vessel 1",
   "tid": "VESSEL:Vessel 1",
   "cat": "ddd",
   "args": {
    "cargo": [
     "CARGO:Factory_A_00004"
    ],
    "transport": "VESSEL:Vessel 1"
   },
   "ph": "E"
  },
  {
   "ts": 21,
   "pid": "TRUCK:Truck 2",
   "tid": "TRUCK:Truck 2",
   "cat": "ddd",
   "args": {
    "cargo": [
     "CARGO:Factory_B_00008"
    ],
    "transport": "TRUCK:Truck 2"
   },
   "ph": "E"
  },
  {
   "ts": 21,
   "pid": "VESSEL:Vessel 1",
   "tid": "VESSEL:Vessel 1",
   "cat": "ddd",
   "args": {
    "cargo": [],
    "transport": "VESSEL:Vessel 1"
   },
   "ph": "B",
   "name": "A-Port"
  },
  {
   "ts": 21,
   "pid": "TRUCK:Truck 2",
   "tid": "TRUCK:Truck 2",
   "cat": "ddd",
   "args": {
    "cargo": [],
    "transport": "TRUCK:Truck 2"
   },
   "ph": "B",
   "name": "B-Factory"
  },
  {
   "ts": 22,
   "pid": "TRUCK:Truck 1",
   "tid": "TRUCK:Truck 1",
   "cat": "ddd",
   "args": {
    "cargo": [],
    "transport": "TRUCK:Truck 1"
   },
   "ph": "E"
  },
  {
   "ts": 25,
   "pid": "VESSEL:Vessel 1",
   "tid": "VESSEL:Vessel 1",
   "cat": "ddd",
   "args": {
    "cargo": [],
    "transport": "VESSEL:Vessel 1"
   },
   "ph": "E"
  },
  {
   "ts": 25,
   "pid": "VESSEL:Vessel 1",
   "tid": "VESSEL:Vessel 1",
   "cat": "ddd",
   "args": {
    "cargo": [
     "CARGO:Factory_A_00007"
    ],
    "transport": "VESSEL:Vessel 1"
   },
   "ph": "B",
   "name": "Port-A"
  },
  {
   "ts": 26,
   "pid": "TRUCK:Truck 2",
   "tid": "TRUCK:Truck 2",
   "cat": "ddd",
   "args": {
    "cargo": [],
    "transport": "TRUCK:Truck 2"
   },
   "ph": "E"
  },
  {
   "ts": 29,
   "pid": "VESSEL:Vessel 1",
   "tid": "VESSEL:Vessel 1",
   "cat": "ddd",
   "args": {
    "cargo": [
     "CARGO:Factory_A_00007"
    ],
    "transport": "VESSEL:Vessel 1"
   },
   "ph": "E"
  }
 ]
}
