{"time":0,"event":"ARRIVE","kind":"VESSEL","transport_id":"Vessel 1","location":"Port","cargo":[]}
{"time":0,"event":"ARRIVE","kind":"TRUCK","transport_id":"Truck 2","location":"Factory","cargo":[]}
{"time":0,"event":"ARRIVE","kind":"TRUCK","transport_id":"Truck 1","location":"Factory","cargo":[]}
{"time":0,"event":"LOAD","kind":"TRUCK","transport_id":"Truck 2","duration":0,"cargo":[{"cargo_id":"00001","origin":"Factory","destination":"A"}]}
{"time":0,"event":"LOAD","kind":"TRUCK","transport_id":"Truck 1","duration":0,"cargo":[{"cargo_id":"00002","origin":"Factory","destination":"A"}]}
{"time":0,"event":"DEPART","kind":"TRUCK","transport_id":"Truck 2","location":"Factory","destination":"Port","cargo":[{"cargo_id":"00001","origin":"Factory","destination":"A"}]}
{"time":0,"event":"DEPART","kind":"TRUCK","transport_id":"Truck 1","location":"Factory","destination":"Port","cargo":[{"cargo_id":"00002","origin":"Factory","destination":"A"}]}
{"time":1,"event":"ARRIVE","kind":"TRUCK","transport_id":"Truck 2","location":"Port","cargo":[{"cargo_id":"00001","origin":"Factory","destination":"A"}]}
{"time":1,"event":"ARRIVE","kind":"TRUCK","transport_id":"Truck 1","location":"Port","cargo":[{"cargo_id":"00002","origin":"Factory","destination":"A"}]}
{"time":1,"event":"UNLOAD","kind":"TRUCK","transport_id":"Truck 2","duration":0}
{"time":1,"event":"UNLOAD","kind":"TRUCK","transport_id":"Truck 1","duration":0}
{"time":1,"event":"LOAD","kind":"VESSEL","transport_id":"Vessel 1","duration":0,"cargo":[{"cargo_id":"00001","origin":"Factory","destination":"A"}]}
{"time":1,"event":"DEPART","kind":"TRUCK","transport_id":"Truck 1","location":"Port","destination":"Factory","cargo":[]}
{"time":1,"event":"DEPART","kind":"VESSEL","transport_id":"Vessel 1","location":"Port","destination":"A","cargo":[{"cargo_id":"00001","origin":"Factory","destination":"A"}]}
{"time":1,"event":"DEPART","kind":"TRUCK","transport_id":"Truck 2","location":"Port","destination":"Factory","cargo":[]}
{"time":2,"event":"ARRIVE","kind":"TRUCK","transport_id":"Truck 1","location":"Factory","cargo":[]}
{"time":2,"event":"ARRIVE","kind":"TRUCK","transport_id":"Truck 2","location":"Factory","cargo":[]}
{"time":2,"event":"LOAD","kind":"TRUCK","transport_id":"Truck 1","duration":0,"cargo":[{"cargo_id":"00003","origin":"Factory","destination":"B"}]}
{"time":2,"event":"LOAD","kind":"TRUCK","transport_id":"Truck 2","duration":0,"cargo":[{"cargo_id":"00004","origin":"Factory","destination":"A"}]}
{"time":2,"event":"DEPART","kind":"TRUCK","transport_id":"Truck 1","location":"Factory","destination":"B","cargo":[{"cargo_id":"00003","origin":"Factory","destination":"B"}]}
{"time":2,"event":"DEPART","kind":"TRUCK","transport_id":"Truck 2","location":"Factory","destination":"Port","cargo":[{"cargo_id":"00004","origin":"Factory","destination":"A"}]}
{"time":3,"event":"ARRIVE","kind":"TRUCK","transport_id":"Truck 2","location":"Port","cargo":[{"cargo_id":"00004","origin":"Factory","destination":"A"}]}
{"time":3,"event":"UNLOAD","kind":"TRUCK","transport_id":"Truck 2","duration":0}
{"time":3,"event":"DEPART","kind":"TRUCK","transport_id":"Truck 2","location":"Port","destination":"Factory","cargo":[]}
{"time":4,"event":"ARRIVE","kind":"TRUCK","transport_id":"Truck 2","location":"Factory","cargo":[]}
{"time":4,"event":"LOAD","kind":"TRUCK","transport_id":"Truck 2","duration":0,"cargo":[{"cargo_id":"00005","origin":"Factory","destination":"B"}]}
{"time":4,"event":"DEPART","kind":"TRUCK","transport_id":"Truck 2","location":"Factory","destination":"B","cargo":[{"cargo_id":"00005","origin":"Factory","destination":"B"}]}
{"time":5,"event":"ARRIVE","kind":"VESSEL","transport_id":"Vessel 1","location":"A","cargo":[{"cargo_id":"00001","origin":"Factory","destination":"A"}]}
{"time":5,"event":"UNLOAD","kind":"VESSEL","transport_id":"Vessel 1","duration":0}
{"time":5,"event":"DEPART","kind":"VESSEL","transport_id":"Vessel 1","location":"A","destination":"Port","cargo":[]}
{"time":7,"event":"ARRIVE","kind":"TRUCK","transport_id":"Truck 1","location":"B","cargo":[{"cargo_id":"00003","origin":"Factory","destination":"B"}]}
{"time":7,"event":"UNLOAD","kind":"TRUCK","transport_id":"Truck 1","duration":0}
{"time":7,"event":"DEPART","kind":"TRUCK","transport_id":"Truck 1","location":"B","destination":"Factory","cargo":[]}
{"time":9,"event":"ARRIVE","kind":"VESSEL","transport_id":"Vessel 1","location":"Port","cargo":[]}
{"time":9,"event":"ARRIVE","kind":"TRUCK","transport_id":"Truck 2","location":"B","cargo":[{"cargo_id":"00005","origin":"Factory","destination":"B"}]}
{"time":9,"event":"LOAD","kind":"VESSEL","transport_id":"Vessel 1","duration":0,"cargo":[{"cargo_id":"00002","origin":"Factory","destination":"A"}]}
{"time":9,"event":"UNLOAD","kind":"TRUCK","transport_id":"Truck 2","duration":0}
{"time":9,"event":"DEPART","kind":"VESSEL","transport_id":"Vessel 1","location":"Port","destination":"A","cargo":[{"cargo_id":"00002","origin":"Factory","destination":"A"}]}
{"time":9,"event":"DEPART","kind":"TRUCK","transport_id":"Truck 2","location":"B","destination":"Factory","cargo":[]}
{"time":12,"event":"ARRIVE","kind":"TRUCK","transport_id":"Truck 1","location":"Factory","cargo":[]}
{"time":12,"event":"LOAD","kind":"TRUCK","transport_id":"Truck 1","duration":0,"cargo":[{"cargo_id":"00006","origin":"Factory","destination":"B"}]}
{"time":12,"event":"DEPART","kind":"TRUCK","transport_id":"Truck 1","location":"Factory","destination":"B","cargo":[{"cargo_id":"00006","origin":"Factory","destination":"B"}]}
{"time":13,"event":"ARRIVE","kind":"VESSEL","transport_id":"Vessel 1","location":"A","cargo":[{"cargo_id":"00002","origin":"Factory","destination":"A"}]}
{"time":13,"event":"UNLOAD","kind":"VESSEL","transport_id":"Vessel 1","duration":0}
{"time":13,"event":"DEPART","kind":"VESSEL","transport_id":"Vessel 1","location":"A","destination":"Port","cargo":[]}
{"time":14,"event":"ARRIVE","kind":"TRUCK","transport_id":"Truck 2","location":"Factory","cargo":[]}
{"time":14,"event":"LOAD","kind":"TRUCK","transport_id":"Truck 2","duration":0,"cargo":[{"cargo_id":"00007","origin":"Factory","destination":"A"}]}
{"time":14,"event":"DEPART","kind":"TRUCK","transport_id":"Truck 2","location":"Factory","destination":"Port","cargo":[{"cargo_id":"00007","origin":"Factory","destination":"A"}]}
{"time":15,"event":"ARRIVE","kind":"TRUCK","transport_id":"Truck 2","location":"Port","cargo":[{"cargo_id":"00007","origin":"Factory","destination":"A"}]}
{"time":15,"event":"UNLOAD","kind":"TRUCK","transport_id":"Truck 2","duration":0}
{"time":15,"event":"DEPART","kind":"TRUCK","transport_id":"Truck 2","location":"Port","destination":"Factory","cargo":[]}
{"time":16,"event":"ARRIVE","kind":"TRUCK","transport_id":"Truck 2","location":"Factory","cargo":[]}
{"time":16,"event":"LOAD","kind":"TRUCK","transport_id":"Truck 2","duration":0,"cargo":[{"cargo_id":"00008","origin":"Factory","destination":"B"}]}
{"time":16,"event":"DEPART","kind":"TRUCK","transport_id":"Truck 2","location":"Factory","destination":"B","cargo":[{"cargo_id":"00008","origin":"Factory","destination":"B"}]}
{"time":17,"event":"ARRIVE","kind":"VESSEL","transport_id":"Vessel 1","location":"Port","cargo":[]}
{"time":17,"event":"ARRIVE","kind":"TRUCK","transport_id":"Truck 1","location":"B","cargo":[{"cargo_id":"00006","origin":"Factory","destination":"B"}]}
{"time":17,"event":"LOAD","kind":"VESSEL","transport_id":"Vessel 1","duration":0,"cargo":[{"cargo_id":"00004","origin":"Factory","destination":"A"}]}
{"time":17,"event":"UNLOAD","kind":"TRUCK","transport_id":"Truck 1","duration":0}
{"time":17,"event":"DEPART","kind":"VESSEL","transport_id":"Vessel 1","location":"Port","destination":"A","cargo":[{"cargo_id":"00004","origin":"Factory","destination":"A"}]}
{"time":17,"event":"DEPART","kind":"TRUCK","transport_id":"Truck 1","location":"B","destination":"Factory","cargo":[]}
{"time":21,"event":"ARRIVE","kind":"VESSEL","transport_id":"Vessel 1","location":"A","cargo":[{"cargo_id":"00004","origin":"Factory","destination":"A"}]}
{"time":21,"event":"ARRIVE","kind":"TRUCK","transport_id":"Truck 2","location":"B","cargo":[{"cargo_id":"00008","origin":"Factory","destination":"B"}]}
{"time":21,"event":"UNLOAD","kind":"VESSEL","transport_id":"Vessel 1","duration":0}
{"time":21,"event":"UNLOAD","kind":"TRUCK","transport_id":"Truck 2","duration":0}
{"time":21,"event":"DEPART","kind":"VESSEL","transport_id":"Vessel 1","location":"A","destination":"Port","cargo":[]}
{"time":21,"event":"DEPART","kind":"TRUCK","transport_id":"Truck 2","location":"B","destination":"Factory","cargo":[]}
{"time":22,"event":"ARRIVE","kind":"TRUCK","transport_id":"Truck 1","location":"Factory","cargo":[]}
{"time":25,"event":"ARRIVE","kind":"VESSEL","transport_id":"Vessel 1","location":"Port","cargo":[]}
{"time":25,"event":"LOAD","kind":"VESSEL","transport_id":"Vessel 1","duration":0,"cargo":[{"cargo_id":"00007","origin":"Factory","destination":"A"}]}
{"time":25,"event":"DEPART","kind":"VESSEL","transport_id":"Vessel 1","location":"Port","destination":"A","cargo":[{"cargo_id":"00007","origin":"Factory","destination":"A"}]}
{"time":26,"event":"ARRIVE","kind":"TRUCK","transport_id":"Truck 2","location":"Factory","cargo":[]}
{"time":29,"event":"ARRIVE","kind":"VESSEL","transport_id":"Vessel 1","location":"A","cargo":[{"cargo_id":"00007","origin":"Factory","destination":"A"}]}
{"time":29,"event":"UNLOAD","kind":"VESSEL","transport_id":"Vessel 1","duration":0}
