{
 "displayTimeUnit": "ms",
 "traceEvents": [
  {
   "ts": 0,
   "pid": "VESSEL:Vessel 1",
   "tid": "VESSEL:Vessel 1",
   "cat": "ddd",
   "args": {
    "cargo": [],
    "transport": "VESSEL:Vessel 1"
   },
   "ph": "E"
  },
  {
   "ts": 0,
   "pid": "TRUCK:Truck 1",
   "tid": "TRUCK:Truck 1",
   "cat": "ddd",
   "args": {
    "cargo": [],
    "transport": "TRUCK:Truck 1"
   },
   "ph": "E"
  },
  {
   "ts": 0,
   "pid": "TRUCK:Truck 2",
   "tid": "TRUCK:Truck 2",
   "cat": "ddd",
   "args": {
    "cargo": [],
    "transport": "TRUCK:Truck 2"
   },
   "ph": "E"
  },
  {
   "ts": 0,
   "pid": "TRUCK:Truck 1",
   "tid": "TRUCK:Truck 1",
   "cat": "ddd",
   "args": {
    "cargo": [
     "CARGO:Factory_A_00001"
    ],
    "transport": "TRUCK:Truck 1"
   },
   "ph": "B",
   "name": "Factory-Port"
  },
  {
   "ts": 0,
   "pid": "TRUCK:Truck 2",
   "tid": "TRUCK:Truck 2",
   "cat": "ddd",
   "args": {
    "cargo": [
     "CARGO:Factory_B_00002"
    ],
    "transport": "TRUCK:Truck 2"
   },
   "ph": "B",
   "name": "Factory-B"
  },
  {
   "ts": 1,
   "pid": "TRUCK:Truck 1",
   "tid": "TRUCK:Truck 1",
   "cat": "ddd",
   "args": {
    "cargo": [
     "CARGO:Factory_A_00001"
    ],
    "transport": "TRUCK:Truck 1"
   },
   "ph": "E"
  },
  {
   "ts": 1,
   "pid": "TRUCK:Truck 1",
   "tid": "TRUCK:Truck 1",
   "cat": "ddd",
   "args": {
    "cargo": [],
    "transport": "TRUCK:Truck 1"
   },
   "ph": "B",
   "name": "Port-Factory"
  },
  {
   "ts": 1,
   "pid": "VESSEL:Vessel 1",
   "tid": "VESSEL:Vessel 1",
   "cat": "ddd",
   "args": {
    "cargo": [
     "CARGO:Factory_A_00001"
    ],
    "transport": "VESSEL:Vessel 1"
   },
   "ph": "X",
   "dur": 1,
   "name": "LOAD"
  },
  {
   "ts": 2,
   "pid": "TRUCK:Truck 1",
   "tid": "TRUCK:Truck 1",
   "cat": "ddd",
   "args": {
    "cargo": [],
    "transport": "TRUCK:Truck 1"
   },
   "ph": "E"
  },
  {
   "ts": 2,
   "pid": "VESSEL:Vessel 1",
   "tid": "VESSEL:Vessel 1",
   "cat": "ddd",
   "args": {
    "cargo": [
     "CARGO:Factory_A_00001"
    ],
    "transport": "VESSEL:Vessel 1"
   },
   "ph": "B",
   "name": "Port-A"
  },
  {
   "ts": 2,
   "pid": "TRUCK:Truck 1",
   "tid": "TRUCK:Truck 1",
   "cat": "ddd",
   "args": {
    "cargo": [
     "CARGO:Factory_B_00003"
    ],
    "transport": "TRUCK:Truck 1"
   },
   "ph": "B",
   "name": "Factory-B"
  },
  {
   "ts": 5,
   "pid": "TRUCK:Truck 2",
   "tid": "TRUCK:Truck 2",
   "cat": "ddd",
   "args": {
    "cargo": [
     "CARGO:Factory_B_00002"
    ],
    "transport": "TRUCK:Truck 2"
   },
   "ph": "E"
  },
  {
   "ts": 5,
   "pid": "TRUCK:Truck 2",
   "tid": "TRUCK:Truck 2",
   "cat": "ddd",
   "args": {
    "cargo": [],
    "transport": "TRUCK:Truck 2"
   },
   "ph": "B",
   "name": "B-Factory"
  },
  {
   "ts": 7,
   "pid": "TRUCK:Truck 1",
   "tid": "TRUCK:Truck 1",
   "cat": "ddd",
   "args": {
    "cargo": [
     "CARGO:Factory_B_00003"
    ],
    "transport": "TRUCK:Truck 1"
   },
   "ph": "E"
  },
  {
   "ts": 7,
   "pid": "TRUCK:Truck 1",
   "tid": "TRUCK:Truck 1",
   "cat": "ddd",
   "args": {
    "cargo": [],
    "transport": "TRUCK:Truck 1"
   },
   "ph": "B",
   "name": "B-Factory"
  },
  {
   "ts": 8,
   "pid": "VESSEL:Vessel 1",
   "tid": "VESSEL:Vessel 1",
   "cat": "ddd",
   "args": {
    "cargo": [
     "CARGO:Factory_A_00001"
    ],
    "transport": "VESSEL:Vessel 1"
   },
   "ph": "E"
  },
  {
   "ts": 8,
   "pid": "VESSEL:Vessel 1",
   "tid": "VESSEL:Vessel 1",
   "cat": "ddd",
   "args": {
    "cargo": [],
    "transport": "VESSEL:Vessel 1"
   },
   "ph": "X",
   "dur": 1,
   "name": "UNLOAD"
  },
  {
   "ts": 9,
   "pid": "VESSEL:Vessel 1",
   "tid": "VESSEL:Vessel 1",
   "cat": "ddd",
   "args": {
    "cargo": [],
    "transport": "VESSEL:Vessel 1"
   },
   "ph": "B",
   "name": "A-Port"
  },
  {
   "ts": 10,
   "pid": "TRUCK:Truck 2",
   "tid": "TRUCK:Truck 2",
   "cat": "ddd",
   "args": {
    "cargo": [],
    "transport": "TRUCK:Truck 2"
   },
   "ph": "E"
  },
  {
   "ts": 10,
   "pid": "TRUCK:Truck 2",
   "tid": "TRUCK:Truck 2",
   "cat": "ddd",
   "args": {
    "cargo": [
     "CARGO:Factory_B_00004"
    ],
    "transport": "TRUCK:Truck 2"
   },
   "ph": "B",
   "name": "Factory-B"
  },
  {
   "ts": 12,
   "pid": "TRUCK:Truck 1",
   "tid": "TRUCK:Truck 1",
   "cat": "ddd",
   "args": {
    "cargo": [],
    "transport": "TRUCK:Truck 1"
   },
   "ph": "E"
  },
  {
   "ts": 12,
   "pid": "TRUCK:Truck 1",
   "tid": "TRUCK:Truck 1",
   "cat": "ddd",
   "args": {
    "cargo": [
     "CARGO:Factory_A_00005"
    ],
    "transport": "TRUCK:Truck 1"
   },
   "ph": "B",
   "name": "Factory-Port"
  },
  {
   "ts": 13,
   "pid": "TRUCK:Truck 1",
   "tid": "TRUCK:Truck 1",
   "cat": "ddd",
   "args": {
    "cargo": [
     "CARGO:Factory_A_00005"
    ],
    "transport": "TRUCK:Truck 1"
   },
   "ph": "E"
  },
  {
   "ts": 13,
   "pid": "TRUCK:Truck 1",
   "tid": "TRUCK:Truck 1",
   "cat": "ddd",
   "args": {
    "cargo": [],
    "transport": "TRUCK:Truck 1"
   },
   "ph": "B",
   "name": "Port-Factory"
  },
  {
   "ts": 14,
   "pid": "TRUCK:Truck 1",
   "tid": "TRUCK:Truck 1",
   "cat": "ddd",
   "args": {
    "cargo": [],
    "transport": "TRUCK:Truck 1"
   },
   "ph": "E"
  },
  {
   "ts": 14,
   "pid": "TRUCK:Truck 1",
   "tid": "TRUCK:Truck 1",
   "cat": "ddd",
   "args": {
    "cargo": [
     "CARGO:Factory_B_00006"
    ],
    "transport": "TRUCK:Truck 1"
   },
   "ph": "B",
   "name": "Factory-B"
  },
  {
   "ts": 15,
   "pid": "TRUCK:Truck 2",
   "tid": "TRUCK:Truck 2",
   "cat": "ddd",
   "args": {
    "cargo": [
     "CARGO:Factory_B_00004"
    ],
    "transport": "TRUCK:Truck 2"
   },
   "ph": "E"
  },
  {
   "ts": 15,
   "pid": "VESSEL:Vessel 1",
   "tid": "VESSEL:Vessel 1",
   "cat": "ddd",
   "args": {
    "cargo": [],
    "transport": "VESSEL:Vessel 1"
   },
   "ph": "E"
  },
  {
   "ts": 15,
   "pid": "TRUCK:Truck 2",
   "tid": "TRUCK:Truck 2",
   "cat": "ddd",
   "args": {
    "cargo": [],
    "transport": "TRUCK:Truck 2"
   },
   "ph": "B",
   "name": "B-Factory"
  },
  {
   "ts": 15,
   "pid": "VESSEL:Vessel 1",
   "tid": "VESSEL:Vessel 1",
   "cat": "ddd",
   "args": {
    "cargo": [
     "CARGO:Factory_A_00005"
    ],
    "transport": "VESSEL:Vessel 1"
   },
   "ph": "X",
   "dur": 1,
   "name": "LOAD"
  },
  {
   "ts": 16,
   "pid": "VESSEL:Vessel 1",
   "tid": "VESSEL:Vessel 1",
   "cat": "ddd",
   "args": {
    "cargo": [
     "CARGO:Factory_A_00005"
    ],
    "transport": "VESSEL:Vessel 1"
   },
   "ph": "B",
   "name": "Port-A"
  },
  {
   "ts": 19,
   "pid": "TRUCK:Truck 1",
   "tid": "TRUCK:Truck 1",
   "cat": "ddd",
   "args": {
    "cargo": [
     "CARGO:Factory_B_00006"
    ],
    "transport": "TRUCK:Truck 1"
   },
   "ph": "E"
  },
  {
   "ts": 19,
   "pid": "TRUCK:Truck 1",
   "tid": "TRUCK:Truck 1",
   "cat": "ddd",
   "args": {
    "cargo": [],
    "transport": "TRUCK:Truck 1"
   },
   "ph": "B",
   "name": "B-Factory"
  },
  {
   "ts": 20,
   "pid": "TRUCK:Truck 2",
   "tid": "TRUCK:Truck 2",
   "cat": "ddd",
   "args": {
    "cargo": [],
    "transport": "TRUCK:Truck 2"
   },
   "ph": "E"
  },
  {
   "ts": 20,
   "pid": "TRUCK:Truck 2",
   "tid": "TRUCK:Truck 2",
   "cat": "ddd",
   "args": {
    "cargo": [
     "CARGO:Factory_A_00007"
    ],
    "transport": "TRUCK:Truck 2"
   },
   "ph": "B",
   "name": "Factory-Port"
  },
  {
   "ts": 21,
   "pid": "TRUCK:Truck 2",
   "tid": "TRUCK:Truck 2",
   "cat": "ddd",
   "args": {
    "cargo": [
     "CARGO:Factory_A_00007"
    ],
    "transport": "TRUCK:Truck 2"
   },
   "ph": "E"
  },
  {
   "ts": 21,
   "pid": "TRUCK:Truck 2",
   "tid": "TRUCK:Truck 2",
   "cat": "ddd",
   "args": {
    "cargo": [],
    "transport": "TRUCK:Truck 2"
   },
   "ph": "B",
   "name": "Port-Factory"
  },
  {
   "ts": 22,
   "pid": "VESSEL:Vessel 1",
   "tid": "VESSEL:Vessel 1",
   "cat": "ddd",
   "args": {
    "cargo": [
     "CARGO:Factory_A_00005"
    ],
    "transport": "VESSEL:Vessel 1"
   },
   "ph": "E"
  },
  {
   "ts": 22,
   "pid": "TRUCK:Truck 2",
   "tid": "TRUCK:Truck 2",
   "cat": "ddd",
   "args": {
    "cargo": [],
    "transport": "TRUCK:Truck 2"
   },
   "ph": "E"
  },
  {
   "ts": 22,
   "pid": "TRUCK:Truck 2",
   "tid": "TRUCK:Truck 2",
   "cat": "ddd",
   "args": {
    "cargo": [
     "CARGO:Factory_A_00008"
    ],
    "transport": "TRUCK:Truck 2"
   },
   "ph": "B",
   "name": "Factory-Port"
  },
  {
   "ts": 22,
   "pid": "VESSEL:Vessel 1",
   "tid": "VESSEL:Vessel 1",
   "cat": "ddd",
   "args": {
    "cargo": [],
    "transport": "VESSEL:Vessel 1"
   },
   "ph": "X",
   "dur": 1,
   "name": "UNLOAD"
  },
  {
   "ts": 23,
   "pid": "TRUCK:Truck 2",
   "tid": "TRUCK:Truck 2",
   "cat": "ddd",
   "args": {
    "cargo": [
     "CARGO:Factory_A_00008"
    ],
    "transport": "TRUCK:Truck 2"
   },
   "ph": "E"
  },
  {
   "ts": 23,
   "pid": "VESSEL:Vessel 1",
   "tid": "VESSEL:Vessel 1",
   "cat": "ddd",
   "args": {
    "cargo": [],
    "transport": "VESSEL:Vessel 1"
   },
   "ph": "B",
   "name": "A-Port"
  },
  {
   "ts": 23,
   "pid": "TRUCK:Truck 2",
   "tid": "TRUCK:Truck 2",
   "cat": "ddd",
   "args": {
    "cargo": [],
    "transport": "TRUCK:Truck 2"
   },
   "ph": "B",
   "name": "Port-Factory"
  },
  {
   "ts": 24,
   "pid": "TRUCK:Truck 1",
   "tid": "TRUCK:Truck 1",
   "cat": "ddd",
   "args": {
    "cargo": [],
    "transport": "TRUCK:Truck 1"
   },
   "ph": "E"
  },
  {
   "ts": 24,
   "pid": "TRUCK:Truck 2",
   "tid": "TRUCK:Truck 2",
   "cat": "ddd",
   "args": {
    "cargo": [],
    "transport": "TRUCK:Truck 2"
   },
   "ph": "E"
  },
  {
   "ts": 24,
   "pid": "TRUCK:Truck 1",
   "tid": "TRUCK:Truck 1",
   "cat": "ddd",
   "args": {
    "cargo": [
     "CARGO:Factory_A_00009"
    ],
    "transport": "TRUCK:Truck 1"
   },
   "ph": "B",
   "name": "Factory-Port"
  },
  {
   "ts": 24,
   "pid": "TRUCK:Truck 2",
   "tid": "TRUCK:Truck 2",
   "cat": "ddd",
   "args": {
    "cargo": [
     "CARGO:Factory_B_00010"
    ],
    "transport": "TRUCK:Truck 2"
   },
   "ph": "B",
   "name": "Factory-B"
  },
  {
   "ts": 25,
   "pid": "TRUCK:Truck 1",
   "tid": "TRUCK:Truck 1",
   "cat": "ddd",
   "args": {
    "cargo": [
     "CARGO:Factory_A_00009"
    ],
    "transport": "TRUCK:Truck 1"
   },
   "ph": "E"
  },
  {
   "ts": 25,
   "pid": "TRUCK:Truck 1",
   "tid": "TRUCK:Truck 1",
   "cat": "ddd",
   "args": {
    "cargo": [],
    "transport": "TRUCK:Truck 1"
   },
   "ph": "B",
   "name": "Port-Factory"
  },
  {
   "ts": 26,
   "pid": "TRUCK:Truck 1",
   "tid": "TRUCK:Truck 1",
   "cat": "ddd",
   "args": {
    "cargo": [],
    "transport": "TRUCK:Truck 1"
   },
   "ph": "E"
  },
  {
   "ts": 26,
   "pid": "TRUCK:Truck 1",
   "tid": "TRUCK:Truck 1",
   "cat": "ddd",
   "args": {
    "cargo": [
     "CARGO:Factory_B_00011"
    ],
    "transport": "TRUCK:Truck 1"
   },
   "ph": "B",
   "name": "Factory-B"
  },
  {
   "ts": 29,
   "pid": "TRUCK:Truck 2",
   "tid": "TRUCK:Truck 2",
   "cat": "ddd",
   "args": {
    "cargo": [
     "CARGO:Factory_B_00010"
    ],
    "transport": "TRUCK:Truck 2"
   },
   "ph": "E"
  },
  {
   "ts": 29,
   "pid": "VESSEL:Vessel 1",
   "tid": "VESSEL:Vessel 1",
   "cat": "ddd",
   "args": {
    "cargo": [],
    "transport": "VESSEL:Vessel 1"
   },
   "ph": "E"
  },
  {
   "ts": 29,
   "pid": "TRUCK:Truck 2",
   "tid": "TRUCK:Truck 2",
   "cat": "ddd",
   "args": {
    "cargo": [],
    "transport": "TRUCK:Truck 2"
   },
   "ph": "B",
   "name": "B-Factory"
  },
  {
   "ts": 29,
   "pid": "VESSEL:Vessel 1",
   "tid": "VESSEL:Vessel 1",
   "cat": "ddd",
   "args": {
    "cargo": [
     "CARGO:Factory_A_00007",
     "CARGO:Factory_A_00008",
     "CARGO:Factory_A_00009"
    ],
    "transport": "VESSEL:Vessel 1"
   },
   "ph": "X",
   "dur": 1,
   "name": "LOAD"
  },
  {
   "ts": 30,
   "pid": "VESSEL:Vessel 1",
   "tid": "VESSEL:Vessel 1",
   "cat": "ddd",
   "args": {
    "cargo": [
     "CARGO:Factory_A_00007",
     "CARGO:Factory_A_00008",
     "CARGO:Factory_A_00009"
    ],
    "transport": "VESSEL:Vessel 1"
   },
   "ph": "B",
   "name": "Port-A"
  },
  {
   "ts": 31,
   "pid": "TRUCK:Truck 1",
   "tid": "TRUCK:Truck 1",
   "cat": "ddd",
   "args": {
    "cargo": [
     "CARGO:Factory_B_00011"
    ],
    "transport": "TRUCK:Truck 1"
   },
   "ph": "E"
  },
  {
   "ts": 31,
   "pid": "TRUCK:Truck 1",
   "tid": "TRUCK:Truck 1",
   "cat": "ddd",
   "args": {
    "cargo": [],
    "transport": "TRUCK:Truck 1"
   },
   "ph": "B",
   "name": "B-Factory"
  },
  {
   "ts": 34,
   "pid": "TRUCK:Truck 2",
   "tid": "TRUCK:Truck 2",
   "cat": "ddd",
   "args": {
    "cargo": [],
    "transport": "TRUCK:Truck 2"
   },
   "ph": "E"
  },
  {
   "ts": 34,
   "pid": "TRUCK:Truck 2",
   "tid": "TRUCK:Truck 2",
   "cat": "ddd",
   "args": {
    "cargo": [
     "CARGO:Factory_B_00012"
    ],
    "transport": "TRUCK:Truck 2"
   },
   "ph": "B",
   "name": "Factory-B"
  },
  {
   "ts": 36,
   "pid": "TRUCK:Truck 1",
   "tid": "TRUCK:Truck 1",
   "cat": "ddd",
   "args": {
    "cargo": [],
    "transport": "TRUCK:Truck 1"
   },
   "ph": "E"
  },
  {
   "ts": 36,
   "pid": "VESSEL:Vessel 1",
   "tid": "VESSEL:Vessel 1",
   "cat": "ddd",
   "args": {
    "cargo": [
     "CARGO:Factory_A_00007",
     "CARGO:Factory_A_00008",
     "CARGO:Factory_A_00009"
    ],
    "transport": "VESSEL:Vessel 1"
   },
   "ph": "E"
  },
  {
   "ts": 36,
   "pid": "VESSEL:Vessel 1",
   "tid": "VESSEL:Vessel 1",
   "cat": "ddd",
   "args": {
    "cargo": [],
    "transport": "VESSEL:Vessel 1"
   },
   "ph": "X",
   "dur": 1,
   "name": "UNLOAD"
  },
  {
   "ts": 37,
   "pid": "VESSEL:Vessel 1",
   "tid": "VESSEL:Vessel 1",
   "cat": "ddd",
   "args": {
    "cargo": [],
    "transport": "VESSEL:Vessel 1"
   },
   "ph": "B",
   "name": "A-Port"
  },
  {
   "ts": 39,
   "pid": "TRUCK:Truck 2",
   "tid": "TRUCK:Truck 2",
   "cat": "ddd",
   "args": {
    "cargo": [
     "CARGO:Factory_B_00012"
    ],
    "transport": "TRUCK:Truck 2"
   },
   "ph": "E"
  }
 ]
}
